<?xml version="1.0" encoding="UTF-8"?>
<testng-results ignored="0" total="1" passed="1" failed="0" skipped="0">
  <reporter-output>
  </reporter-output>
  <suite started-at="2024-03-27T14:05:49 IST" name="Surefire suite" finished-at="2024-03-27T14:06:44 IST" duration-ms="55204">
    <groups>
    </groups>
    <test started-at="2024-03-27T14:05:49 IST" name="Surefire test" finished-at="2024-03-27T14:06:44 IST" duration-ms="55204">
      <class name="com.example.AppTest">
        <test-method signature="testing() throws java.lang.Exception" started-at="2024-03-27T14:05:49 IST" name="testing" finished-at="2024-03-27T14:06:44 IST" duration-ms="55112" status="PASS">
          <reporter-output>
          </reporter-output>
        </test-method> <!-- testing -->
      </class> <!-- com.example.AppTest -->
    </test> <!-- Surefire test -->
  </suite> <!-- Surefire suite -->
</testng-results>
